#
# There is insufficient memory for the Java Runtime Environment to continue.
# Native memory allocation (malloc) failed to allocate 32744 bytes. Error detail: ChunkPool::allocate
# Possible reasons:
#   The system is out of physical RAM or swap space
#   This process is running with CompressedOops enabled, and the Java Heap may be blocking the growth of the native heap
# Possible solutions:
#   Reduce memory load on the system
#   Increase physical memory or swap space
#   Check if swap backing store is full
#   Decrease Java heap size (-Xmx/-Xms)
#   Decrease number of Java threads
#   Decrease Java thread stack sizes (-Xss)
#   Set larger code cache with -XX:ReservedCodeCacheSize=
#   JVM is running with Zero Based Compressed Oops mode in which the Java heap is
#     placed in the first 32GB address space. The Java Heap base address is the
#     maximum limit for the native heap growth. Please use -XX:HeapBaseMinAddress
#     to set the Java Heap base and to place the Java Heap above 32GB virtual address.
# This output file may be truncated or incomplete.
#
#  Out of Memory Error (arena.cpp:79), pid=17412, tid=18816
#
# JRE version: OpenJDK Runtime Environment OpenLogic-OpenJDK (17.0.13+11) (build 17.0.13+11-adhoc..jdk17u)
# Java VM: OpenJDK 64-Bit Server VM OpenLogic-OpenJDK (17.0.13+11-adhoc..jdk17u, mixed mode, emulated-client, sharing, tiered, compressed oops, compressed class ptrs, g1 gc, windows-amd64)
# No core dump will be written. Minidumps are not enabled by default on client versions of Windows
#

---------------  S U M M A R Y ------------

Command Line: -XX:TieredStopAtLevel=1 -Dspring.output.ansi.enabled=always -Dcom.sun.management.jmxremote -Dspring.jmx.enabled=true -Dspring.liveBeansView.mbeanDomain -Dspring.application.admin.enabled=true -Dmanagement.endpoints.jmx.exposure.include=* -javaagent:C:\Program Files\JetBrains\IntelliJ IDEA 2024.3.1.1\lib\idea_rt.jar=52514:C:\Program Files\JetBrains\IntelliJ IDEA 2024.3.1.1\bin -Dfile.encoding=UTF-8 covoiturage.project.InnoCov.InnoCovApplication

Host: AMD Ryzen 7 3750H with Radeon Vega Mobile Gfx  , 8 cores, 15G,  Windows 11 , 64 bit Build 22621 (10.0.22621.4391)
Time: Thu Jan  2 00:49:19 2025 Afr. centrale Ouest elapsed time: 13.844381 seconds (0d 0h 0m 13s)

---------------  T H R E A D  ---------------

Current thread (0x000002cb7b00f650):  JavaThread "C1 CompilerThread0" daemon [_thread_in_native, id=18816, stack(0x000000d95d300000,0x000000d95d400000)]


Current CompileTask:
C1:  13844 6534       1       com.sun.jmx.remote.internal.ServerCommunicatorAdmin::logtime (16 bytes)

Stack: [0x000000d95d300000,0x000000d95d400000]
Native frames: (J=compiled Java code, j=interpreted, Vv=VM code, C=native code)
V  [jvm.dll+0x680c19]
V  [jvm.dll+0x83888a]
V  [jvm.dll+0x83a34e]
V  [jvm.dll+0x83a9b3]
V  [jvm.dll+0x2481af]
V  [jvm.dll+0xacbf1]
V  [jvm.dll+0xad03c]
V  [jvm.dll+0x10fa10]
V  [jvm.dll+0x163e6a]
V  [jvm.dll+0x15fe9e]
V  [jvm.dll+0x14e020]
V  [jvm.dll+0x136b57]
V  [jvm.dll+0x1364ef]
V  [jvm.dll+0x136726]
V  [jvm.dll+0x135bba]
V  [jvm.dll+0x137871]
V  [jvm.dll+0x22988d]
V  [jvm.dll+0x227a1c]
V  [jvm.dll+0x7ed737]
V  [jvm.dll+0x7e7b2c]
V  [jvm.dll+0x67fae7]
C  [ucrtbase.dll+0x29333]
C  [KERNEL32.DLL+0x1259d]
C  [ntdll.dll+0x5af38]


---------------  P R O C E S S  ---------------

Threads class SMR info:
_java_thread_list=0x000002cb7ca30e60, length=34, elements={
0x000002cb35d1a7a0, 0x000002cb35d1b420, 0x000002cb7b00ba90, 0x000002cb7b00c450,
0x000002cb7b00ce10, 0x000002cb7b00d7d0, 0x000002cb7b00f650, 0x000002cb7b0211b0,
0x000002cb35d02960, 0x000002cb7b3fb060, 0x000002cb7b3fb540, 0x000002cb7b670a10,
0x000002cb7b66eef0, 0x000002cb7b70e2f0, 0x000002cb7b6eab40, 0x000002cb7ba79d00,
0x000002cb7ba76f70, 0x000002cb7ba76040, 0x000002cb7ba7c070, 0x000002cb7ba7c580,
0x000002cb7ba75620, 0x000002cb7ba7cfa0, 0x000002cb7ba75b30, 0x000002cb7ba76550,
0x000002cb7ba76a60, 0x000002cb7ba77990, 0x000002cb7ba783b0, 0x000002cb7ba788c0,
0x000002cb7ba7ac30, 0x000002cb7e47b090, 0x000002cb7e47a160, 0x000002cb7e47b5a0,
0x000002cb7e47ab80, 0x000002cb7e47bab0
}

Java Threads: ( => current thread )
  0x000002cb35d1a7a0 JavaThread "Reference Handler" daemon [_thread_blocked, id=6752, stack(0x000000d95cd00000,0x000000d95ce00000)]
  0x000002cb35d1b420 JavaThread "Finalizer" daemon [_thread_blocked, id=19236, stack(0x000000d95ce00000,0x000000d95cf00000)]
  0x000002cb7b00ba90 JavaThread "Signal Dispatcher" daemon [_thread_blocked, id=2572, stack(0x000000d95cf00000,0x000000d95d000000)]
  0x000002cb7b00c450 JavaThread "Attach Listener" daemon [_thread_blocked, id=18196, stack(0x000000d95d000000,0x000000d95d100000)]
  0x000002cb7b00ce10 JavaThread "Service Thread" daemon [_thread_blocked, id=18756, stack(0x000000d95d100000,0x000000d95d200000)]
  0x000002cb7b00d7d0 JavaThread "Monitor Deflation Thread" daemon [_thread_blocked, id=20320, stack(0x000000d95d200000,0x000000d95d300000)]
=>0x000002cb7b00f650 JavaThread "C1 CompilerThread0" daemon [_thread_in_native, id=18816, stack(0x000000d95d300000,0x000000d95d400000)]
  0x000002cb7b0211b0 JavaThread "Sweeper thread" daemon [_thread_blocked, id=20616, stack(0x000000d95d400000,0x000000d95d500000)]
  0x000002cb35d02960 JavaThread "Common-Cleaner" daemon [_thread_blocked, id=8828, stack(0x000000d95d500000,0x000000d95d600000)]
  0x000002cb7b3fb060 JavaThread "Monitor Ctrl-Break" daemon [_thread_in_native, id=2848, stack(0x000000d95d700000,0x000000d95d800000)]
  0x000002cb7b3fb540 JavaThread "Notification Thread" daemon [_thread_blocked, id=2072, stack(0x000000d95d800000,0x000000d95d900000)]
  0x000002cb7b670a10 JavaThread "RMI TCP Accept-0" daemon [_thread_in_native, id=5024, stack(0x000000d95d900000,0x000000d95da00000)]
  0x000002cb7b66eef0 JavaThread "RMI TCP Connection(1)-192.168.56.1" daemon [_thread_in_native, id=20316, stack(0x000000d95db00000,0x000000d95dc00000)]
  0x000002cb7b70e2f0 JavaThread "RMI Scheduler(0)" daemon [_thread_blocked, id=5904, stack(0x000000d95dc00000,0x000000d95dd00000)]
  0x000002cb7b6eab40 JavaThread "JMX server connection timeout 20" daemon [_thread_blocked, id=1608, stack(0x000000d95dd00000,0x000000d95de00000)]
  0x000002cb7ba79d00 JavaThread "RMI TCP Connection(2)-192.168.56.1" daemon [_thread_in_native, id=19648, stack(0x000000d95e700000,0x000000d95e800000)]
  0x000002cb7ba76f70 JavaThread "mysql-cj-abandoned-connection-cleanup" daemon [_thread_blocked, id=14820, stack(0x000000d95eb00000,0x000000d95ec00000)]
  0x000002cb7ba76040 JavaThread "HikariPool-1 housekeeper" daemon [_thread_blocked, id=15888, stack(0x000000d95ed00000,0x000000d95ee00000)]
  0x000002cb7ba7c070 JavaThread "Catalina-utility-1" [_thread_blocked, id=18976, stack(0x000000d95f000000,0x000000d95f100000)]
  0x000002cb7ba7c580 JavaThread "Catalina-utility-2" [_thread_blocked, id=6604, stack(0x000000d95f100000,0x000000d95f200000)]
  0x000002cb7ba75620 JavaThread "container-0" [_thread_blocked, id=6944, stack(0x000000d95f200000,0x000000d95f300000)]
  0x000002cb7ba7cfa0 JavaThread "http-nio-8081-exec-1" daemon [_thread_blocked, id=19556, stack(0x000000d95f300000,0x000000d95f400000)]
  0x000002cb7ba75b30 JavaThread "http-nio-8081-exec-2" daemon [_thread_blocked, id=8000, stack(0x000000d95f400000,0x000000d95f500000)]
  0x000002cb7ba76550 JavaThread "http-nio-8081-exec-3" daemon [_thread_blocked, id=9232, stack(0x000000d95f500000,0x000000d95f600000)]
  0x000002cb7ba76a60 JavaThread "http-nio-8081-exec-4" daemon [_thread_blocked, id=1824, stack(0x000000d95f600000,0x000000d95f700000)]
  0x000002cb7ba77990 JavaThread "http-nio-8081-exec-5" daemon [_thread_blocked, id=20216, stack(0x000000d95f700000,0x000000d95f800000)]
  0x000002cb7ba783b0 JavaThread "http-nio-8081-exec-6" daemon [_thread_blocked, id=3772, stack(0x000000d95f800000,0x000000d95f900000)]
  0x000002cb7ba788c0 JavaThread "http-nio-8081-exec-7" daemon [_thread_blocked, id=12632, stack(0x000000d95f900000,0x000000d95fa00000)]
  0x000002cb7ba7ac30 JavaThread "http-nio-8081-exec-8" daemon [_thread_blocked, id=20612, stack(0x000000d95fa00000,0x000000d95fb00000)]
  0x000002cb7e47b090 JavaThread "http-nio-8081-exec-9" daemon [_thread_blocked, id=3868, stack(0x000000d95fb00000,0x000000d95fc00000)]
  0x000002cb7e47a160 JavaThread "http-nio-8081-exec-10" daemon [_thread_blocked, id=19600, stack(0x000000d95fc00000,0x000000d95fd00000)]
  0x000002cb7e47b5a0 JavaThread "http-nio-8081-Poller" daemon [_thread_in_native, id=920, stack(0x000000d95fd00000,0x000000d95fe00000)]
  0x000002cb7e47ab80 JavaThread "http-nio-8081-Acceptor" daemon [_thread_in_native, id=9368, stack(0x000000d95fe00000,0x000000d95ff00000)]
  0x000002cb7e47bab0 JavaThread "DestroyJavaVM" [_thread_blocked, id=19096, stack(0x000000d95c600000,0x000000d95c700000)]

Other Threads:
  0x000002cb35d131e0 VMThread "VM Thread" [stack: 0x000000d95cc00000,0x000000d95cd00000] [id=19344]
  0x000002cb1df97d20 WatcherThread [stack: 0x000000d95da00000,0x000000d95db00000] [id=13888]
  0x000002cb1e000ce0 GCTaskThread "GC Thread#0" [stack: 0x000000d95c700000,0x000000d95c800000] [id=14044]
  0x000002cb7bbf0cb0 GCTaskThread "GC Thread#1" [stack: 0x000000d95de00000,0x000000d95df00000] [id=13784]
  0x000002cb7bb17ec0 GCTaskThread "GC Thread#2" [stack: 0x000000d95df00000,0x000000d95e000000] [id=20992]
  0x000002cb7bb18180 GCTaskThread "GC Thread#3" [stack: 0x000000d95e000000,0x000000d95e100000] [id=19632]
  0x000002cb7bb0fc30 GCTaskThread "GC Thread#4" [stack: 0x000000d95e100000,0x000000d95e200000] [id=20876]
  0x000002cb7bae3be0 GCTaskThread "GC Thread#5" [stack: 0x000000d95e200000,0x000000d95e300000] [id=14064]
  0x000002cb7c15c580 GCTaskThread "GC Thread#6" [stack: 0x000000d95e300000,0x000000d95e400000] [id=12868]
  0x000002cb7bba3250 GCTaskThread "GC Thread#7" [stack: 0x000000d95e400000,0x000000d95e500000] [id=2620]
  0x000002cb1e011330 ConcurrentGCThread "G1 Main Marker" [stack: 0x000000d95c800000,0x000000d95c900000] [id=8048]
  0x000002cb1e014400 ConcurrentGCThread "G1 Conc#0" [stack: 0x000000d95c900000,0x000000d95ca00000] [id=10180]
  0x000002cb7c789430 ConcurrentGCThread "G1 Conc#1" [stack: 0x000000d95e800000,0x000000d95e900000] [id=13516]
  0x000002cb35bc9960 ConcurrentGCThread "G1 Refine#0" [stack: 0x000000d95ca00000,0x000000d95cb00000] [id=11868]
  0x000002cb7bb12cc0 ConcurrentGCThread "G1 Refine#1" [stack: 0x000000d95e500000,0x000000d95e600000] [id=12400]
  0x000002cb7d9d3450 ConcurrentGCThread "G1 Refine#2" [stack: 0x000000d95ef00000,0x000000d95f000000] [id=1228]
  0x000002cb35bca290 ConcurrentGCThread "G1 Service" [stack: 0x000000d95cb00000,0x000000d95cc00000] [id=10996]

Threads with active compile tasks:
C1 CompilerThread0    13862 6534       1       com.sun.jmx.remote.internal.ServerCommunicatorAdmin::logtime (16 bytes)

VM state: not at safepoint (normal execution)

VM Mutex/Monitor currently owned by a thread: None

Heap address: 0x0000000709000000, size: 3952 MB, Compressed Oops mode: Zero based, Oop shift amount: 3

CDS archive(s) mapped at: [0x000002cb36000000-0x000002cb36bc0000-0x000002cb36bc0000), size 12320768, SharedBaseAddress: 0x000002cb36000000, ArchiveRelocationMode: 1.
Compressed class space mapped at: 0x000002cb37000000-0x000002cb77000000, reserved size: 1073741824
Narrow klass base: 0x000002cb36000000, Narrow klass shift: 0, Narrow klass range: 0x100000000

GC Precious Log:
 CPUs: 8 total, 8 available
 Memory: 15807M
 Large Page Support: Disabled
 NUMA Support: Disabled
 Compressed Oops: Enabled (Zero based)
 Heap Region Size: 2M
 Heap Min Capacity: 8M
 Heap Initial Capacity: 248M
 Heap Max Capacity: 3952M
 Pre-touch: Disabled
 Parallel Workers: 8
 Concurrent Workers: 2
 Concurrent Refinement Workers: 8
 Periodic GC: Disabled

Heap:
 garbage-first heap   total 192512K, used 142829K [0x0000000709000000, 0x0000000800000000)
  region size 2048K, 48 young (98304K), 2 survivors (4096K)
 Metaspace       used 68525K, committed 69184K, reserved 1114112K
  class space    used 10126K, committed 10432K, reserved 1048576K

Heap Regions: E=young(eden), S=young(survivor), O=old, HS=humongous(starts), HC=humongous(continues), CS=collection set, F=free, OA=open archive, CA=closed archive, TAMS=top-at-mark-start (previous, next)
|   0|0x0000000709000000, 0x0000000709200000, 0x0000000709200000|100%| O|  |TAMS 0x0000000709200000, 0x0000000709000000| Untracked 
|   1|0x0000000709200000, 0x0000000709400000, 0x0000000709400000|100%| O|  |TAMS 0x0000000709400000, 0x0000000709200000| Untracked 
|   2|0x0000000709400000, 0x0000000709600000, 0x0000000709600000|100%| O|  |TAMS 0x0000000709600000, 0x0000000709400000| Untracked 
|   3|0x0000000709600000, 0x0000000709800000, 0x0000000709800000|100%| O|  |TAMS 0x0000000709800000, 0x0000000709600000| Untracked 
|   4|0x0000000709800000, 0x0000000709a00000, 0x0000000709a00000|100%| O|  |TAMS 0x0000000709a00000, 0x0000000709800000| Untracked 
|   5|0x0000000709a00000, 0x0000000709c00000, 0x0000000709c00000|100%| O|  |TAMS 0x0000000709c00000, 0x0000000709a00000| Untracked 
|   6|0x0000000709c00000, 0x0000000709e00000, 0x0000000709e00000|100%| O|  |TAMS 0x0000000709e00000, 0x0000000709c00000| Untracked 
|   7|0x0000000709e00000, 0x000000070a000000, 0x000000070a000000|100%| O|  |TAMS 0x000000070a000000, 0x0000000709e00000| Untracked 
|   8|0x000000070a000000, 0x000000070a200000, 0x000000070a200000|100%| O|  |TAMS 0x000000070a200000, 0x000000070a000000| Untracked 
|   9|0x000000070a200000, 0x000000070a400000, 0x000000070a400000|100%| O|  |TAMS 0x000000070a400000, 0x000000070a200000| Untracked 
|  10|0x000000070a400000, 0x000000070a600000, 0x000000070a600000|100%| O|  |TAMS 0x000000070a600000, 0x000000070a400000| Untracked 
|  11|0x000000070a600000, 0x000000070a800000, 0x000000070a800000|100%| O|  |TAMS 0x000000070a800000, 0x000000070a600000| Untracked 
|  12|0x000000070a800000, 0x000000070aa00000, 0x000000070aa00000|100%| O|  |TAMS 0x000000070aa00000, 0x000000070a800000| Untracked 
|  13|0x000000070aa00000, 0x000000070ac00000, 0x000000070ac00000|100%| O|  |TAMS 0x000000070ac00000, 0x000000070aa00000| Untracked 
|  14|0x000000070ac00000, 0x000000070ae00000, 0x000000070ae00000|100%| O|  |TAMS 0x000000070ae00000, 0x000000070ac00000| Untracked 
|  15|0x000000070ae00000, 0x000000070b000000, 0x000000070b000000|100%| O|  |TAMS 0x000000070b000000, 0x000000070ae00000| Untracked 
|  16|0x000000070b000000, 0x000000070b200000, 0x000000070b200000|100%| O|  |TAMS 0x000000070b200000, 0x000000070b000000| Untracked 
|  17|0x000000070b200000, 0x000000070b400000, 0x000000070b400000|100%| O|  |TAMS 0x000000070b37ee00, 0x000000070b200000| Untracked 
|  18|0x000000070b400000, 0x000000070b600000, 0x000000070b600000|100%| O|  |TAMS 0x000000070b400000, 0x000000070b400000| Untracked 
|  19|0x000000070b600000, 0x000000070b800000, 0x000000070b800000|100%| O|  |TAMS 0x000000070b600000, 0x000000070b600000| Untracked 
|  20|0x000000070b800000, 0x000000070ba00000, 0x000000070ba00000|100%| O|  |TAMS 0x000000070ba00000, 0x000000070b800000| Untracked 
|  21|0x000000070ba00000, 0x000000070bc00000, 0x000000070bc00000|100%| O|  |TAMS 0x000000070bc00000, 0x000000070ba00000| Untracked 
|  22|0x000000070bc00000, 0x000000070bd7b400, 0x000000070be00000| 74%| O|  |TAMS 0x000000070bc00000, 0x000000070bc00000| Complete 
|  23|0x000000070be00000, 0x000000070be00000, 0x000000070c000000|  0%| F|  |TAMS 0x000000070be00000, 0x000000070be00000| Untracked 
|  24|0x000000070c000000, 0x000000070c000000, 0x000000070c200000|  0%| F|  |TAMS 0x000000070c000000, 0x000000070c000000| Untracked 
|  25|0x000000070c200000, 0x000000070c200000, 0x000000070c400000|  0%| F|  |TAMS 0x000000070c200000, 0x000000070c200000| Untracked 
|  26|0x000000070c400000, 0x000000070c400000, 0x000000070c600000|  0%| F|  |TAMS 0x000000070c400000, 0x000000070c400000| Untracked 
|  27|0x000000070c600000, 0x000000070c600000, 0x000000070c800000|  0%| F|  |TAMS 0x000000070c600000, 0x000000070c600000| Untracked 
|  28|0x000000070c800000, 0x000000070c800000, 0x000000070ca00000|  0%| F|  |TAMS 0x000000070c800000, 0x000000070c800000| Untracked 
|  29|0x000000070ca00000, 0x000000070ca00000, 0x000000070cc00000|  0%| F|  |TAMS 0x000000070ca00000, 0x000000070ca00000| Untracked 
|  30|0x000000070cc00000, 0x000000070ce00000, 0x000000070ce00000|100%| S|CS|TAMS 0x000000070cc00000, 0x000000070cc00000| Complete 
|  31|0x000000070ce00000, 0x000000070d000000, 0x000000070d000000|100%| S|CS|TAMS 0x000000070ce00000, 0x000000070ce00000| Complete 
|  32|0x000000070d000000, 0x000000070d000000, 0x000000070d200000|  0%| F|  |TAMS 0x000000070d000000, 0x000000070d000000| Untracked 
|  33|0x000000070d200000, 0x000000070d200000, 0x000000070d400000|  0%| F|  |TAMS 0x000000070d200000, 0x000000070d200000| Untracked 
|  34|0x000000070d400000, 0x000000070d400000, 0x000000070d600000|  0%| F|  |TAMS 0x000000070d400000, 0x000000070d400000| Untracked 
|  35|0x000000070d600000, 0x000000070d600000, 0x000000070d800000|  0%| F|  |TAMS 0x000000070d600000, 0x000000070d600000| Untracked 
|  36|0x000000070d800000, 0x000000070d800000, 0x000000070da00000|  0%| F|  |TAMS 0x000000070d800000, 0x000000070d800000| Untracked 
|  37|0x000000070da00000, 0x000000070da00000, 0x000000070dc00000|  0%| F|  |TAMS 0x000000070da00000, 0x000000070da00000| Untracked 
|  38|0x000000070dc00000, 0x000000070dc00000, 0x000000070de00000|  0%| F|  |TAMS 0x000000070dc00000, 0x000000070dc00000| Untracked 
|  39|0x000000070de00000, 0x000000070de00000, 0x000000070e000000|  0%| F|  |TAMS 0x000000070de00000, 0x000000070de00000| Untracked 
|  40|0x000000070e000000, 0x000000070e000000, 0x000000070e200000|  0%| F|  |TAMS 0x000000070e000000, 0x000000070e000000| Untracked 
|  41|0x000000070e200000, 0x000000070e200000, 0x000000070e400000|  0%| F|  |TAMS 0x000000070e200000, 0x000000070e200000| Untracked 
|  42|0x000000070e400000, 0x000000070e400000, 0x000000070e600000|  0%| F|  |TAMS 0x000000070e400000, 0x000000070e400000| Untracked 
|  43|0x000000070e600000, 0x000000070e600000, 0x000000070e800000|  0%| F|  |TAMS 0x000000070e600000, 0x000000070e600000| Untracked 
|  44|0x000000070e800000, 0x000000070e800000, 0x000000070ea00000|  0%| F|  |TAMS 0x000000070e800000, 0x000000070e800000| Untracked 
|  45|0x000000070ea00000, 0x000000070ea00000, 0x000000070ec00000|  0%| F|  |TAMS 0x000000070ea00000, 0x000000070ea00000| Untracked 
|  46|0x000000070ec00000, 0x000000070ec00000, 0x000000070ee00000|  0%| F|  |TAMS 0x000000070ec00000, 0x000000070ec00000| Untracked 
|  47|0x000000070ee00000, 0x000000070ee00000, 0x000000070f000000|  0%| F|  |TAMS 0x000000070ee00000, 0x000000070ee00000| Untracked 
|  48|0x000000070f000000, 0x000000070f179848, 0x000000070f200000| 73%| E|  |TAMS 0x000000070f000000, 0x000000070f000000| Complete 
|  49|0x000000070f200000, 0x000000070f400000, 0x000000070f400000|100%| E|CS|TAMS 0x000000070f200000, 0x000000070f200000| Complete 
|  50|0x000000070f400000, 0x000000070f600000, 0x000000070f600000|100%| E|CS|TAMS 0x000000070f400000, 0x000000070f400000| Complete 
|  51|0x000000070f600000, 0x000000070f800000, 0x000000070f800000|100%| E|CS|TAMS 0x000000070f600000, 0x000000070f600000| Complete 
|  52|0x000000070f800000, 0x000000070fa00000, 0x000000070fa00000|100%| E|CS|TAMS 0x000000070f800000, 0x000000070f800000| Complete 
|  53|0x000000070fa00000, 0x000000070fc00000, 0x000000070fc00000|100%| E|CS|TAMS 0x000000070fa00000, 0x000000070fa00000| Complete 
|  54|0x000000070fc00000, 0x000000070fe00000, 0x000000070fe00000|100%| E|CS|TAMS 0x000000070fc00000, 0x000000070fc00000| Complete 
|  55|0x000000070fe00000, 0x0000000710000000, 0x0000000710000000|100%| E|CS|TAMS 0x000000070fe00000, 0x000000070fe00000| Complete 
|  56|0x0000000710000000, 0x0000000710200000, 0x0000000710200000|100%| E|CS|TAMS 0x0000000710000000, 0x0000000710000000| Complete 
|  57|0x0000000710200000, 0x0000000710400000, 0x0000000710400000|100%| E|CS|TAMS 0x0000000710200000, 0x0000000710200000| Complete 
|  58|0x0000000710400000, 0x0000000710600000, 0x0000000710600000|100%| E|CS|TAMS 0x0000000710400000, 0x0000000710400000| Complete 
|  59|0x0000000710600000, 0x0000000710800000, 0x0000000710800000|100%| E|CS|TAMS 0x0000000710600000, 0x0000000710600000| Complete 
|  60|0x0000000710800000, 0x0000000710a00000, 0x0000000710a00000|100%| E|CS|TAMS 0x0000000710800000, 0x0000000710800000| Complete 
|  61|0x0000000710a00000, 0x0000000710c00000, 0x0000000710c00000|100%| E|CS|TAMS 0x0000000710a00000, 0x0000000710a00000| Complete 
|  62|0x0000000710c00000, 0x0000000710e00000, 0x0000000710e00000|100%| E|CS|TAMS 0x0000000710c00000, 0x0000000710c00000| Complete 
|  63|0x0000000710e00000, 0x0000000711000000, 0x0000000711000000|100%| E|CS|TAMS 0x0000000710e00000, 0x0000000710e00000| Complete 
|  64|0x0000000711000000, 0x0000000711200000, 0x0000000711200000|100%| E|CS|TAMS 0x0000000711000000, 0x0000000711000000| Complete 
|  65|0x0000000711200000, 0x0000000711400000, 0x0000000711400000|100%| E|CS|TAMS 0x0000000711200000, 0x0000000711200000| Complete 
|  66|0x0000000711400000, 0x0000000711600000, 0x0000000711600000|100%| E|CS|TAMS 0x0000000711400000, 0x0000000711400000| Complete 
|  67|0x0000000711600000, 0x0000000711800000, 0x0000000711800000|100%| E|CS|TAMS 0x0000000711600000, 0x0000000711600000| Complete 
|  68|0x0000000711800000, 0x0000000711a00000, 0x0000000711a00000|100%| E|CS|TAMS 0x0000000711800000, 0x0000000711800000| Complete 
|  69|0x0000000711a00000, 0x0000000711c00000, 0x0000000711c00000|100%| E|CS|TAMS 0x0000000711a00000, 0x0000000711a00000| Complete 
|  70|0x0000000711c00000, 0x0000000711e00000, 0x0000000711e00000|100%| E|CS|TAMS 0x0000000711c00000, 0x0000000711c00000| Complete 
|  71|0x0000000711e00000, 0x0000000712000000, 0x0000000712000000|100%| E|CS|TAMS 0x0000000711e00000, 0x0000000711e00000| Complete 
|  72|0x0000000712000000, 0x0000000712200000, 0x0000000712200000|100%| E|CS|TAMS 0x0000000712000000, 0x0000000712000000| Complete 
|  73|0x0000000712200000, 0x0000000712400000, 0x0000000712400000|100%| E|CS|TAMS 0x0000000712200000, 0x0000000712200000| Complete 
|  74|0x0000000712400000, 0x0000000712600000, 0x0000000712600000|100%| E|CS|TAMS 0x0000000712400000, 0x0000000712400000| Complete 
|  75|0x0000000712600000, 0x0000000712800000, 0x0000000712800000|100%| E|CS|TAMS 0x0000000712600000, 0x0000000712600000| Complete 
|  76|0x0000000712800000, 0x0000000712a00000, 0x0000000712a00000|100%| E|CS|TAMS 0x0000000712800000, 0x0000000712800000| Complete 
|  77|0x0000000712a00000, 0x0000000712c00000, 0x0000000712c00000|100%| E|CS|TAMS 0x0000000712a00000, 0x0000000712a00000| Complete 
|  78|0x0000000712c00000, 0x0000000712e00000, 0x0000000712e00000|100%| E|CS|TAMS 0x0000000712c00000, 0x0000000712c00000| Complete 
|  79|0x0000000712e00000, 0x0000000713000000, 0x0000000713000000|100%| E|CS|TAMS 0x0000000712e00000, 0x0000000712e00000| Complete 
|  80|0x0000000713000000, 0x0000000713200000, 0x0000000713200000|100%| E|CS|TAMS 0x0000000713000000, 0x0000000713000000| Complete 
|  81|0x0000000713200000, 0x0000000713400000, 0x0000000713400000|100%| E|CS|TAMS 0x0000000713200000, 0x0000000713200000| Complete 
|  82|0x0000000713400000, 0x0000000713600000, 0x0000000713600000|100%| E|CS|TAMS 0x0000000713400000, 0x0000000713400000| Complete 
|  83|0x0000000713600000, 0x0000000713800000, 0x0000000713800000|100%| E|CS|TAMS 0x0000000713600000, 0x0000000713600000| Complete 
|  84|0x0000000713800000, 0x0000000713a00000, 0x0000000713a00000|100%| E|CS|TAMS 0x0000000713800000, 0x0000000713800000| Complete 
|  85|0x0000000713a00000, 0x0000000713c00000, 0x0000000713c00000|100%| E|CS|TAMS 0x0000000713a00000, 0x0000000713a00000| Complete 
|  86|0x0000000713c00000, 0x0000000713e00000, 0x0000000713e00000|100%| E|CS|TAMS 0x0000000713c00000, 0x0000000713c00000| Complete 
|  87|0x0000000713e00000, 0x0000000714000000, 0x0000000714000000|100%| E|CS|TAMS 0x0000000713e00000, 0x0000000713e00000| Complete 
|  88|0x0000000714000000, 0x0000000714200000, 0x0000000714200000|100%| E|CS|TAMS 0x0000000714000000, 0x0000000714000000| Complete 
|  89|0x0000000714200000, 0x0000000714400000, 0x0000000714400000|100%| E|CS|TAMS 0x0000000714200000, 0x0000000714200000| Complete 
|  90|0x0000000714400000, 0x0000000714600000, 0x0000000714600000|100%| E|CS|TAMS 0x0000000714400000, 0x0000000714400000| Complete 
| 109|0x0000000716a00000, 0x0000000716c00000, 0x0000000716c00000|100%| E|CS|TAMS 0x0000000716a00000, 0x0000000716a00000| Complete 
| 110|0x0000000716c00000, 0x0000000716e00000, 0x0000000716e00000|100%| E|CS|TAMS 0x0000000716c00000, 0x0000000716c00000| Complete 
| 123|0x0000000718600000, 0x0000000718800000, 0x0000000718800000|100%| E|CS|TAMS 0x0000000718600000, 0x0000000718600000| Complete 

Card table byte_map: [0x000002cb2a720000,0x000002cb2aee0000] _byte_map_base: 0x000002cb26ed8000

Marking Bits (Prev, Next): (CMBitMap*) 0x000002cb1e001300, (CMBitMap*) 0x000002cb1e001340
 Prev Bits: [0x000002cb2b6a0000, 0x000002cb2f460000)
 Next Bits: [0x000002cb2f460000, 0x000002cb33220000)

Polling page: 0x000002cb1bf70000

Metaspace:

Usage:
  Non-class:     57.03 MB used.
      Class:      9.89 MB used.
       Both:     66.92 MB used.

Virtual space:
  Non-class space:       64.00 MB reserved,      57.38 MB ( 90%) committed,  1 nodes.
      Class space:        1.00 GB reserved,      10.19 MB ( <1%) committed,  1 nodes.
             Both:        1.06 GB reserved,      67.56 MB (  6%) committed. 

Chunk freelists:
   Non-Class:  6.60 MB
       Class:  5.84 MB
        Both:  12.44 MB

MaxMetaspaceSize: unlimited
CompressedClassSpaceSize: 1.00 GB
Initial GC threshold: 21.00 MB
Current GC threshold: 102.19 MB
CDS: on
MetaspaceReclaimPolicy: balanced
 - commit_granule_bytes: 65536.
 - commit_granule_words: 8192.
 - virtual_space_node_default_size: 8388608.
 - enlarge_chunks_in_place: 1.
 - new_chunks_are_fully_committed: 0.
 - uncommit_free_chunks: 1.
 - use_allocation_guard: 0.
 - handle_deallocations: 1.


Internal statistics:

num_allocs_failed_limit: 9.
num_arena_births: 944.
num_arena_deaths: 0.
num_vsnodes_births: 2.
num_vsnodes_deaths: 0.
num_space_committed: 1079.
num_space_uncommitted: 0.
num_chunks_returned_to_freelist: 9.
num_chunks_taken_from_freelist: 3481.
num_chunk_merges: 9.
num_chunk_splits: 2521.
num_chunks_enlarged: 1946.
num_inconsistent_stats: 0.

CodeCache: size=49152Kb used=11349Kb max_used=13009Kb free=37802Kb
 bounds [0x000002cb26e50000, 0x000002cb27b10000, 0x000002cb29e50000]
 total_blobs=7194 nmethods=6533 adapters=587
 compilation: enabled
              stopped_count=0, restarted_count=0
 full_count=0

Compilation events (20 events):
Event: 11.764 Thread 0x000002cb7b00f650 nmethod 6522 0x000002cb27369a90 code [0x000002cb27369c20, 0x000002cb27369cf8]
Event: 12.801 Thread 0x000002cb7b00f650 6525       1       java.io.FilterInputStream::read (8 bytes)
Event: 12.801 Thread 0x000002cb7b00f650 nmethod 6525 0x000002cb27369790 code [0x000002cb27369920, 0x000002cb27369a08]
Event: 12.801 Thread 0x000002cb7b00f650 6526       1       java.io.ObjectInputStream$BlockDataInputStream::read (138 bytes)
Event: 12.801 Thread 0x000002cb7b00f650 nmethod 6526 0x000002cb27369010 code [0x000002cb27369200, 0x000002cb27369628]
Event: 12.801 Thread 0x000002cb7b00f650 6527       1       jdk.internal.logger.AbstractLoggerWrapper::isLoggable (11 bytes)
Event: 12.801 Thread 0x000002cb7b00f650 nmethod 6527 0x000002cb27368c90 code [0x000002cb27368e40, 0x000002cb27368f58]
Event: 12.801 Thread 0x000002cb7b00f650 6528       1       jdk.internal.logger.LazyLoggers$LazyLoggerWrapper::wrapped (10 bytes)
Event: 12.801 Thread 0x000002cb7b00f650 nmethod 6528 0x000002cb27368910 code [0x000002cb27368aa0, 0x000002cb27368bc8]
Event: 12.801 Thread 0x000002cb7b00f650 6529   !   1       jdk.internal.logger.LazyLoggers$LazyLoggerAccessor::wrapped (41 bytes)
Event: 12.802 Thread 0x000002cb7b00f650 nmethod 6529 0x000002cb27368410 code [0x000002cb273685c0, 0x000002cb27368848]
Event: 13.802 Thread 0x000002cb7b00f650 6531       1       java.io.ObjectInputStream$BlockDataInputStream::skipBlockData (32 bytes)
Event: 13.803 Thread 0x000002cb7b00f650 nmethod 6531 0x000002cb27367f90 code [0x000002cb27368140, 0x000002cb273682f8]
Event: 13.803 Thread 0x000002cb7b00f650 6530       1       java.io.ObjectInputStream::skipCustomData (105 bytes)
Event: 13.803 Thread 0x000002cb7b00f650 nmethod 6530 0x000002cb27367610 code [0x000002cb27367820, 0x000002cb27367ca8]
Event: 13.841 Thread 0x000002cb7b00f650 6532   !   1       java.io.ObjectInputStream$ValidationList::doCallbacks (58 bytes)
Event: 13.842 Thread 0x000002cb7b00f650 nmethod 6532 0x000002cb27366910 code [0x000002cb27366b20, 0x000002cb273670d8]
Event: 13.842 Thread 0x000002cb7b00f650 6533       1       java.lang.invoke.LambdaForm$MH/0x000002cb370d2800::linkToTargetMethod (10 bytes)
Event: 13.842 Thread 0x000002cb7b00f650 nmethod 6533 0x000002cb27366590 code [0x000002cb27366740, 0x000002cb27366858]
Event: 13.842 Thread 0x000002cb7b00f650 6534       1       com.sun.jmx.remote.internal.ServerCommunicatorAdmin::logtime (16 bytes)

GC Heap History (20 events):
Event: 3.429 GC heap before
{Heap before GC invocations=7 (full 0):
 garbage-first heap   total 61440K, used 39199K [0x0000000709000000, 0x0000000800000000)
  region size 2048K, 14 young (28672K), 3 survivors (6144K)
 Metaspace       used 31008K, committed 31488K, reserved 1114112K
  class space    used 4328K, committed 4544K, reserved 1048576K
}
Event: 3.440 GC heap after
{Heap after GC invocations=8 (full 0):
 garbage-first heap   total 61440K, used 20424K [0x0000000709000000, 0x0000000800000000)
  region size 2048K, 1 young (2048K), 1 survivors (2048K)
 Metaspace       used 31008K, committed 31488K, reserved 1114112K
  class space    used 4328K, committed 4544K, reserved 1048576K
}
Event: 3.761 GC heap before
{Heap before GC invocations=8 (full 0):
 garbage-first heap   total 61440K, used 40904K [0x0000000709000000, 0x0000000800000000)
  region size 2048K, 12 young (24576K), 1 survivors (2048K)
 Metaspace       used 35621K, committed 36096K, reserved 1114112K
  class space    used 5114K, committed 5312K, reserved 1048576K
}
Event: 3.770 GC heap after
{Heap after GC invocations=9 (full 0):
 garbage-first heap   total 157696K, used 20648K [0x0000000709000000, 0x0000000800000000)
  region size 2048K, 2 young (4096K), 2 survivors (4096K)
 Metaspace       used 35621K, committed 36096K, reserved 1114112K
  class space    used 5114K, committed 5312K, reserved 1048576K
}
Event: 4.699 GC heap before
{Heap before GC invocations=10 (full 0):
 garbage-first heap   total 81920K, used 69800K [0x0000000709000000, 0x0000000800000000)
  region size 2048K, 27 young (55296K), 2 survivors (4096K)
 Metaspace       used 48543K, committed 49088K, reserved 1114112K
  class space    used 6861K, committed 7104K, reserved 1048576K
}
Event: 4.708 GC heap after
{Heap after GC invocations=11 (full 0):
 garbage-first heap   total 81920K, used 24160K [0x0000000709000000, 0x0000000800000000)
  region size 2048K, 3 young (6144K), 3 survivors (6144K)
 Metaspace       used 48543K, committed 49088K, reserved 1114112K
  class space    used 6861K, committed 7104K, reserved 1048576K
}
Event: 5.760 GC heap before
{Heap before GC invocations=11 (full 0):
 garbage-first heap   total 81920K, used 61024K [0x0000000709000000, 0x0000000800000000)
  region size 2048K, 22 young (45056K), 3 survivors (6144K)
 Metaspace       used 55169K, committed 55808K, reserved 1114112K
  class space    used 7948K, committed 8256K, reserved 1048576K
}
Event: 5.769 GC heap after
{Heap after GC invocations=12 (full 0):
 garbage-first heap   total 81920K, used 25830K [0x0000000709000000, 0x0000000800000000)
  region size 2048K, 1 young (2048K), 1 survivors (2048K)
 Metaspace       used 55169K, committed 55808K, reserved 1114112K
  class space    used 7948K, committed 8256K, reserved 1048576K
}
Event: 6.293 GC heap before
{Heap before GC invocations=12 (full 0):
 garbage-first heap   total 81920K, used 54502K [0x0000000709000000, 0x0000000800000000)
  region size 2048K, 16 young (32768K), 1 survivors (2048K)
 Metaspace       used 60157K, committed 60736K, reserved 1114112K
  class space    used 8720K, committed 8960K, reserved 1048576K
}
Event: 6.301 GC heap after
{Heap after GC invocations=13 (full 0):
 garbage-first heap   total 81920K, used 27728K [0x0000000709000000, 0x0000000800000000)
  region size 2048K, 2 young (4096K), 2 survivors (4096K)
 Metaspace       used 60157K, committed 60736K, reserved 1114112K
  class space    used 8720K, committed 8960K, reserved 1048576K
}
Event: 6.556 GC heap before
{Heap before GC invocations=14 (full 0):
 garbage-first heap   total 81920K, used 64592K [0x0000000709000000, 0x0000000800000000)
  region size 2048K, 20 young (40960K), 2 survivors (4096K)
 Metaspace       used 61623K, committed 62208K, reserved 1114112K
  class space    used 9131K, committed 9408K, reserved 1048576K
}
Event: 6.574 GC heap after
{Heap after GC invocations=15 (full 0):
 garbage-first heap   total 81920K, used 35508K [0x0000000709000000, 0x0000000800000000)
  region size 2048K, 3 young (6144K), 3 survivors (6144K)
 Metaspace       used 61623K, committed 62208K, reserved 1114112K
  class space    used 9131K, committed 9408K, reserved 1048576K
}
Event: 6.578 GC heap before
{Heap before GC invocations=15 (full 0):
 garbage-first heap   total 81920K, used 37556K [0x0000000709000000, 0x0000000800000000)
  region size 2048K, 4 young (8192K), 3 survivors (6144K)
 Metaspace       used 61625K, committed 62208K, reserved 1114112K
  class space    used 9131K, committed 9408K, reserved 1048576K
}
Event: 6.590 GC heap after
{Heap after GC invocations=16 (full 0):
 garbage-first heap   total 81920K, used 36311K [0x0000000709000000, 0x0000000800000000)
  region size 2048K, 1 young (2048K), 1 survivors (2048K)
 Metaspace       used 61625K, committed 62208K, reserved 1114112K
  class space    used 9131K, committed 9408K, reserved 1048576K
}
Event: 6.644 GC heap before
{Heap before GC invocations=16 (full 0):
 garbage-first heap   total 81920K, used 58839K [0x0000000709000000, 0x0000000800000000)
  region size 2048K, 12 young (24576K), 1 survivors (2048K)
 Metaspace       used 61634K, committed 62208K, reserved 1114112K
  class space    used 9131K, committed 9408K, reserved 1048576K
}
Event: 6.647 GC heap after
{Heap after GC invocations=17 (full 0):
 garbage-first heap   total 81920K, used 36242K [0x0000000709000000, 0x0000000800000000)
  region size 2048K, 1 young (2048K), 1 survivors (2048K)
 Metaspace       used 61634K, committed 62208K, reserved 1114112K
  class space    used 9131K, committed 9408K, reserved 1048576K
}
Event: 6.712 GC heap before
{Heap before GC invocations=17 (full 0):
 garbage-first heap   total 81920K, used 60818K [0x0000000709000000, 0x0000000800000000)
  region size 2048K, 13 young (26624K), 1 survivors (2048K)
 Metaspace       used 61634K, committed 62208K, reserved 1114112K
  class space    used 9131K, committed 9408K, reserved 1048576K
}
Event: 6.725 GC heap after
{Heap after GC invocations=18 (full 0):
 garbage-first heap   total 81920K, used 44539K [0x0000000709000000, 0x0000000800000000)
  region size 2048K, 2 young (4096K), 2 survivors (4096K)
 Metaspace       used 61634K, committed 62208K, reserved 1114112K
  class space    used 9131K, committed 9408K, reserved 1048576K
}
Event: 6.770 GC heap before
{Heap before GC invocations=18 (full 0):
 garbage-first heap   total 81920K, used 60923K [0x0000000709000000, 0x0000000800000000)
  region size 2048K, 10 young (20480K), 2 survivors (4096K)
 Metaspace       used 61634K, committed 62208K, reserved 1114112K
  class space    used 9131K, committed 9408K, reserved 1048576K
}
Event: 6.787 GC heap after
{Heap after GC invocations=19 (full 0):
 garbage-first heap   total 229376K, used 50669K [0x0000000709000000, 0x0000000800000000)
  region size 2048K, 2 young (4096K), 2 survivors (4096K)
 Metaspace       used 61634K, committed 62208K, reserved 1114112K
  class space    used 9131K, committed 9408K, reserved 1048576K
}

Dll operation events (14 events):
Event: 0.011 Loaded shared library C:\Program Files\OpenLogic\jdk-17.0.13.11-hotspot\bin\java.dll
Event: 0.032 Loaded shared library C:\Program Files\OpenLogic\jdk-17.0.13.11-hotspot\bin\jsvml.dll
Event: 0.161 Loaded shared library C:\Program Files\OpenLogic\jdk-17.0.13.11-hotspot\bin\zip.dll
Event: 0.164 Loaded shared library C:\Program Files\OpenLogic\jdk-17.0.13.11-hotspot\bin\instrument.dll
Event: 0.172 Loaded shared library C:\Program Files\OpenLogic\jdk-17.0.13.11-hotspot\bin\net.dll
Event: 0.174 Loaded shared library C:\Program Files\OpenLogic\jdk-17.0.13.11-hotspot\bin\nio.dll
Event: 0.178 Loaded shared library C:\Program Files\OpenLogic\jdk-17.0.13.11-hotspot\bin\zip.dll
Event: 0.250 Loaded shared library C:\Program Files\OpenLogic\jdk-17.0.13.11-hotspot\bin\jimage.dll
Event: 0.314 Loaded shared library C:\Program Files\JetBrains\IntelliJ IDEA 2024.3.1.1\bin\breakgen64.dll
Event: 0.327 Loaded shared library C:\Program Files\OpenLogic\jdk-17.0.13.11-hotspot\bin\extnet.dll
Event: 0.336 Loaded shared library C:\Program Files\OpenLogic\jdk-17.0.13.11-hotspot\bin\management.dll
Event: 0.347 Loaded shared library C:\Program Files\OpenLogic\jdk-17.0.13.11-hotspot\bin\management_ext.dll
Event: 1.638 Loaded shared library C:\Program Files\OpenLogic\jdk-17.0.13.11-hotspot\bin\sunmscapi.dll
Event: 3.618 Loaded shared library C:\Program Files\OpenLogic\jdk-17.0.13.11-hotspot\bin\verify.dll

Deoptimization events (4 events):
Event: 2.774 Thread 0x000002cb1df96d80 DEOPT PACKING pc=0x000002cb275e546c sp=0x000000d95c6f8720
Event: 2.774 Thread 0x000002cb1df96d80 DEOPT UNPACKING pc=0x000002cb26ea7143 sp=0x000000d95c6f7bd8 mode 0
Event: 4.915 Thread 0x000002cb1df96d80 DEOPT PACKING pc=0x000002cb27854adc sp=0x000000d95c6f8220
Event: 4.915 Thread 0x000002cb1df96d80 DEOPT UNPACKING pc=0x000002cb26ea7143 sp=0x000000d95c6f76c0 mode 0

Classes loaded (20 events):
Event: 7.989 Loading class java/nio/channels/spi/AbstractSelector$1
Event: 7.990 Loading class java/nio/channels/spi/AbstractSelector$1 done
Event: 7.991 Loading class java/util/TreeMap$ValueSpliterator
Event: 7.991 Loading class java/util/TreeMap$TreeMapSpliterator
Event: 7.991 Loading class java/util/TreeMap$TreeMapSpliterator done
Event: 7.991 Loading class java/util/TreeMap$ValueSpliterator done
Event: 8.004 Loading class java/util/IdentityHashMap$KeySpliterator
Event: 8.004 Loading class java/util/IdentityHashMap$IdentityHashMapSpliterator
Event: 8.004 Loading class java/util/IdentityHashMap$IdentityHashMapSpliterator done
Event: 8.004 Loading class java/util/IdentityHashMap$KeySpliterator done
Event: 8.290 Loading class javax/management/remote/rmi/RMIConnectionImpl$6
Event: 8.290 Loading class javax/management/remote/rmi/RMIConnectionImpl$6 done
Event: 8.291 Loading class javax/management/remote/rmi/RMIConnectionImpl$7
Event: 8.291 Loading class javax/management/remote/rmi/RMIConnectionImpl$7 done
Event: 8.291 Loading class com/sun/jmx/remote/util/OrderClassLoaders
Event: 8.291 Loading class com/sun/jmx/remote/util/OrderClassLoaders done
Event: 8.291 Loading class javax/management/remote/rmi/RMIConnectionImpl$SetCcl
Event: 8.291 Loading class javax/management/remote/rmi/RMIConnectionImpl$SetCcl done
Event: 8.291 Loading class java/rmi/MarshalledObject$MarshalledObjectInputStream
Event: 8.291 Loading class java/rmi/MarshalledObject$MarshalledObjectInputStream done

Classes unloaded (0 events):
No events

Classes redefined (0 events):
No events

Internal exceptions (20 events):
Event: 6.890 Thread 0x000002cb1df96d80 Exception <a 'java/lang/reflect/InvocationTargetException'{0x00000007145d52b0}> (0x00000007145d52b0) 
thrown [s\src\hotspot\share\runtime\reflection.cpp, line 1128]
Event: 6.896 Thread 0x000002cb1df96d80 Exception <a 'java/lang/reflect/InvocationTargetException'{0x00000007145eda20}> (0x00000007145eda20) 
thrown [s\src\hotspot\share\runtime\reflection.cpp, line 1128]
Event: 6.964 Thread 0x000002cb1df96d80 Exception <a 'java/lang/NoSuchMethodError'{0x00000007141ea788}: 'long java.lang.invoke.DirectMethodHandle$Holder.invokeVirtual(java.lang.Object, java.lang.Object)'> (0x00000007141ea788) 
thrown [s\src\hotspot\share\interpreter\linkResolver.cpp, line 759]
Event: 6.997 Thread 0x000002cb1df96d80 Exception <a 'sun/nio/fs/WindowsException'{0x0000000713c74510}> (0x0000000713c74510) 
thrown [s\src\hotspot\share\prims\jni.cpp, line 516]
Event: 7.078 Thread 0x000002cb1df96d80 Exception <a 'java/lang/reflect/InvocationTargetException'{0x00000007138fcb20}> (0x00000007138fcb20) 
thrown [s\src\hotspot\share\runtime\reflection.cpp, line 1128]
Event: 7.081 Thread 0x000002cb1df96d80 Exception <a 'java/lang/reflect/InvocationTargetException'{0x0000000713911350}> (0x0000000713911350) 
thrown [s\src\hotspot\share\runtime\reflection.cpp, line 1128]
Event: 7.110 Thread 0x000002cb1df96d80 Exception <a 'java/lang/reflect/InvocationTargetException'{0x0000000713790040}> (0x0000000713790040) 
thrown [s\src\hotspot\share\runtime\reflection.cpp, line 1128]
Event: 7.112 Thread 0x000002cb1df96d80 Exception <a 'java/lang/reflect/InvocationTargetException'{0x00000007137a1768}> (0x00000007137a1768) 
thrown [s\src\hotspot\share\runtime\reflection.cpp, line 1128]
Event: 7.114 Thread 0x000002cb1df96d80 Exception <a 'java/lang/reflect/InvocationTargetException'{0x00000007137ac158}> (0x00000007137ac158) 
thrown [s\src\hotspot\share\runtime\reflection.cpp, line 1128]
Event: 7.115 Thread 0x000002cb1df96d80 Exception <a 'java/lang/reflect/InvocationTargetException'{0x00000007137b6528}> (0x00000007137b6528) 
thrown [s\src\hotspot\share\runtime\reflection.cpp, line 1128]
Event: 7.138 Thread 0x000002cb1df96d80 Exception <a 'java/lang/reflect/InvocationTargetException'{0x00000007135d7408}> (0x00000007135d7408) 
thrown [s\src\hotspot\share\runtime\reflection.cpp, line 1128]
Event: 7.161 Thread 0x000002cb1df96d80 Exception <a 'java/lang/NoSuchMethodError'{0x0000000713392b88}: 'int java.lang.invoke.DirectMethodHandle$Holder.invokeStaticInit(java.lang.Object, int, java.lang.Object, java.lang.Object, java.lang.Object, java.lang.Object)'> (0x0000000713392b88) 
thrown [s\src\hotspot\share\interpreter\linkResolver.cpp, line 759]
Event: 7.494 Thread 0x000002cb1df96d80 Exception <a 'sun/nio/fs/WindowsException'{0x0000000711fd7af0}> (0x0000000711fd7af0) 
thrown [s\src\hotspot\share\prims\jni.cpp, line 516]
Event: 7.553 Thread 0x000002cb1df96d80 Exception <a 'java/lang/IncompatibleClassChangeError'{0x0000000711827998}: Found class java.lang.Object, but interface was expected> (0x0000000711827998) 
thrown [s\src\hotspot\share\interpreter\linkResolver.cpp, line 826]
Event: 7.731 Thread 0x000002cb1df96d80 Exception <a 'java/lang/NoSuchMethodError'{0x0000000710f5a850}: 'void java.lang.invoke.DirectMethodHandle$Holder.invokeVirtual(java.lang.Object, java.lang.Object, long)'> (0x0000000710f5a850) 
thrown [s\src\hotspot\share\interpreter\linkResolver.cpp, line 759]
Event: 7.782 Thread 0x000002cb1df96d80 Exception <a 'java/lang/NoSuchMethodError'{0x0000000710a9b160}: 'int java.lang.invoke.DirectMethodHandle$Holder.invokeStaticInit(java.lang.Object, java.lang.Object, java.lang.Object, java.lang.Object)'> (0x0000000710a9b160) 
thrown [s\src\hotspot\share\interpreter\linkResolver.cpp, line 759]
Event: 7.856 Thread 0x000002cb1df96d80 Exception <a 'java/lang/IncompatibleClassChangeError'{0x0000000710496e20}: Found class java.lang.Object, but interface was expected> (0x0000000710496e20) 
thrown [s\src\hotspot\share\interpreter\linkResolver.cpp, line 826]
Event: 7.896 Thread 0x000002cb1df96d80 Exception <a 'java/lang/NoSuchMethodError'{0x00000007102f88b8}: 'java.lang.Object java.lang.invoke.DirectMethodHandle$Holder.invokeSpecial(java.lang.Object, java.lang.Object, java.lang.Object, java.lang.Object, java.lang.Object, java.lang.Object, java.lang.Object, java.lang.Object, java.lang.Object, java.lang.Object, java.lang.Object)'> (0x00000007102f88b8) 
thrown [s\src\hotspot\share\interpreter\linkResolver.cpp, line 759]
Event: 7.896 Thread 0x000002cb1df96d80 Exception <a 'java/lang/NoSuchMethodError'{0x00000007102fcce8}: 'java.lang.Object java.lang.invoke.Invokers$Holder.invoke_MT(java.lang.Object, java.lang.Object, java.lang.Object, java.lang.Object, java.lang.Object, java.lang.Object, java.lang.Object, java.lang.Object, java.lang.Object, java.lang.Object, java.lang.Object)'> (0x00000007102fcce8) 
thrown [s\src\hotspot\share\interpreter\linkResolver.cpp, line 759]
Event: 7.971 Thread 0x000002cb1df96d80 Exception <a 'java/lang/NoSuchMethodError'{0x000000070ff7c800}: 'java.lang.Object java.lang.invoke.DirectMethodHandle$Holder.newInvokeSpecial(java.lang.Object, java.lang.Object, int, java.lang.Object, java.lang.Object)'> (0x000000070ff7c800) 
thrown [s\src\hotspot\share\interpreter\linkResolver.cpp, line 759]

VM Operations (20 events):
Event: 6.998 Executing VM operation: HandshakeAllThreads
Event: 6.999 Executing VM operation: HandshakeAllThreads done
Event: 7.003 Executing VM operation: HandshakeAllThreads
Event: 7.003 Executing VM operation: HandshakeAllThreads done
Event: 7.400 Executing VM operation: HandshakeAllThreads
Event: 7.400 Executing VM operation: HandshakeAllThreads done
Event: 7.430 Executing VM operation: HandshakeAllThreads
Event: 7.430 Executing VM operation: HandshakeAllThreads done
Event: 7.430 Executing VM operation: HandshakeAllThreads
Event: 7.430 Executing VM operation: HandshakeAllThreads done
Event: 7.430 Executing VM operation: HandshakeAllThreads
Event: 7.430 Executing VM operation: HandshakeAllThreads done
Event: 7.759 Executing VM operation: HandshakeAllThreads
Event: 7.759 Executing VM operation: HandshakeAllThreads done
Event: 7.954 Executing VM operation: ICBufferFull
Event: 7.954 Executing VM operation: ICBufferFull done
Event: 8.955 Executing VM operation: Cleanup
Event: 8.955 Executing VM operation: Cleanup done
Event: 12.982 Executing VM operation: Cleanup
Event: 12.982 Executing VM operation: Cleanup done

Memory protections (0 events):
No events

Nmethod flushes (0 events):
No events

Events (20 events):
Event: 7.978 Thread 0x000002cb1df96d80 Thread added: 0x000002cb7ba77990
Event: 7.978 Thread 0x000002cb1df96d80 Thread added: 0x000002cb7ba783b0
Event: 7.979 Thread 0x000002cb1df96d80 Thread added: 0x000002cb7ba788c0
Event: 7.979 Thread 0x000002cb1df96d80 Thread added: 0x000002cb7ba7ac30
Event: 7.979 Thread 0x000002cb1df96d80 Thread added: 0x000002cb7e47b090
Event: 7.979 Thread 0x000002cb1df96d80 Thread added: 0x000002cb7e47a160
Event: 7.989 Thread 0x000002cb1df96d80 Thread added: 0x000002cb7e47b5a0
Event: 7.990 Thread 0x000002cb1df96d80 Thread added: 0x000002cb7e47ab80
Event: 8.005 Thread 0x000002cb1df96d80 Thread exited: 0x000002cb1df96d80
Event: 8.005 Thread 0x000002cb7e47bab0 Thread added: 0x000002cb7e47bab0
Event: 8.283 Thread 0x000002cb7b66eef0 Thread added: 0x000002cb7e479230
Event: 8.287 Thread 0x000002cb7e479230 Thread exited: 0x000002cb7e479230
Event: 8.287 Thread 0x000002cb7ba79d00 Thread added: 0x000002cb7e479230
Event: 8.292 Thread 0x000002cb7e479230 Thread exited: 0x000002cb7e479230
Event: 8.293 Thread 0x000002cb7ba79d00 Thread added: 0x000002cb7e4778e0
Event: 8.298 Thread 0x000002cb7e4778e0 Thread exited: 0x000002cb7e4778e0
Event: 9.544 Thread 0x000002cb7ba7a720 Thread exited: 0x000002cb7ba7a720
Event: 9.685 Thread 0x000002cb7bbf4610 Thread exited: 0x000002cb7bbf4610
Event: 9.685 Thread 0x000002cb7c5a6050 Thread exited: 0x000002cb7c5a6050
Event: 10.724 Thread 0x000002cb7b109af0 Thread exited: 0x000002cb7b109af0


Dynamic libraries:
0x00007ff7d5ee0000 - 0x00007ff7d5eee000 	C:\Program Files\OpenLogic\jdk-17.0.13.11-hotspot\bin\java.exe
0x00007ffdae290000 - 0x00007ffdae4a7000 	C:\WINDOWS\SYSTEM32\ntdll.dll
0x00007ffdac6b0000 - 0x00007ffdac774000 	C:\WINDOWS\System32\KERNEL32.DLL
0x00007ffdab850000 - 0x00007ffdabc0a000 	C:\WINDOWS\System32\KERNELBASE.dll
0x00007ffdab680000 - 0x00007ffdab791000 	C:\WINDOWS\System32\ucrtbase.dll
0x00007ffda77c0000 - 0x00007ffda77d7000 	C:\Program Files\OpenLogic\jdk-17.0.13.11-hotspot\bin\jli.dll
0x00007ffdac3f0000 - 0x00007ffdac59e000 	C:\WINDOWS\System32\USER32.dll
0x00007ffda77e0000 - 0x00007ffda77fb000 	C:\Program Files\OpenLogic\jdk-17.0.13.11-hotspot\bin\VCRUNTIME140.dll
0x00007ffdab7a0000 - 0x00007ffdab7c6000 	C:\WINDOWS\System32\win32u.dll
0x00007ffdac000000 - 0x00007ffdac029000 	C:\WINDOWS\System32\GDI32.dll
0x00007ffd98a30000 - 0x00007ffd98cc2000 	C:\WINDOWS\WinSxS\amd64_microsoft.windows.common-controls_6595b64144ccf1df_6.0.22621.4541_none_2710d1c57384c085\COMCTL32.dll
0x00007ffdab560000 - 0x00007ffdab67b000 	C:\WINDOWS\System32\gdi32full.dll
0x00007ffdac780000 - 0x00007ffdac827000 	C:\WINDOWS\System32\msvcrt.dll
0x00007ffdabe40000 - 0x00007ffdabeda000 	C:\WINDOWS\System32\msvcp_win.dll
0x00007ffdade90000 - 0x00007ffdadec1000 	C:\WINDOWS\System32\IMM32.DLL
0x00007ffda5040000 - 0x00007ffda504c000 	C:\Program Files\OpenLogic\jdk-17.0.13.11-hotspot\bin\vcruntime140_1.dll
0x00007ffd9b1c0000 - 0x00007ffd9b24d000 	C:\Program Files\OpenLogic\jdk-17.0.13.11-hotspot\bin\msvcp140.dll
0x00007ffd552a0000 - 0x00007ffd55f0c000 	C:\Program Files\OpenLogic\jdk-17.0.13.11-hotspot\bin\server\jvm.dll
0x00007ffdaddd0000 - 0x00007ffdade82000 	C:\WINDOWS\System32\ADVAPI32.dll
0x00007ffdac600000 - 0x00007ffdac6a7000 	C:\WINDOWS\System32\sechost.dll
0x00007ffdabee0000 - 0x00007ffdabf08000 	C:\WINDOWS\System32\bcrypt.dll
0x00007ffdaded0000 - 0x00007ffdadfe4000 	C:\WINDOWS\System32\RPCRT4.dll
0x00007ffdad670000 - 0x00007ffdad6e1000 	C:\WINDOWS\System32\WS2_32.dll
0x00007ffdab430000 - 0x00007ffdab47d000 	C:\WINDOWS\SYSTEM32\POWRPROF.dll
0x00007ffda7570000 - 0x00007ffda75a4000 	C:\WINDOWS\SYSTEM32\WINMM.dll
0x00007ffda7ce0000 - 0x00007ffda7cea000 	C:\WINDOWS\SYSTEM32\VERSION.dll
0x00007ffdab410000 - 0x00007ffdab423000 	C:\WINDOWS\SYSTEM32\UMPDC.dll
0x00007ffdaa5a0000 - 0x00007ffdaa5b8000 	C:\WINDOWS\SYSTEM32\kernel.appcore.dll
0x00007ffda5030000 - 0x00007ffda503a000 	C:\Program Files\OpenLogic\jdk-17.0.13.11-hotspot\bin\jimage.dll
0x00007ffd9d9d0000 - 0x00007ffd9dc02000 	C:\WINDOWS\SYSTEM32\DBGHELP.DLL
0x00007ffdada40000 - 0x00007ffdaddcf000 	C:\WINDOWS\System32\combase.dll
0x00007ffdadff0000 - 0x00007ffdae0c7000 	C:\WINDOWS\System32\OLEAUT32.dll
0x00007ffd96130000 - 0x00007ffd96162000 	C:\WINDOWS\SYSTEM32\dbgcore.DLL
0x00007ffdab7d0000 - 0x00007ffdab84b000 	C:\WINDOWS\System32\bcryptPrimitives.dll
0x00007ffda4f30000 - 0x00007ffda4f3e000 	C:\Program Files\OpenLogic\jdk-17.0.13.11-hotspot\bin\instrument.dll
0x00007ffda4f40000 - 0x00007ffda4f65000 	C:\Program Files\OpenLogic\jdk-17.0.13.11-hotspot\bin\java.dll
0x00007ffd9b0e0000 - 0x00007ffd9b1b6000 	C:\Program Files\OpenLogic\jdk-17.0.13.11-hotspot\bin\jsvml.dll
0x00007ffdaccb0000 - 0x00007ffdad528000 	C:\WINDOWS\System32\SHELL32.dll
0x00007ffda94a0000 - 0x00007ffda9da8000 	C:\WINDOWS\SYSTEM32\windows.storage.dll
0x00007ffda9360000 - 0x00007ffda949f000 	C:\WINDOWS\SYSTEM32\wintypes.dll
0x00007ffdac130000 - 0x00007ffdac22a000 	C:\WINDOWS\System32\SHCORE.dll
0x00007ffdac5a0000 - 0x00007ffdac5fe000 	C:\WINDOWS\System32\shlwapi.dll
0x00007ffdab490000 - 0x00007ffdab4bb000 	C:\WINDOWS\SYSTEM32\profapi.dll
0x00007ffda4e90000 - 0x00007ffda4ea8000 	C:\Program Files\OpenLogic\jdk-17.0.13.11-hotspot\bin\zip.dll
0x00007ffda4f10000 - 0x00007ffda4f29000 	C:\Program Files\OpenLogic\jdk-17.0.13.11-hotspot\bin\net.dll
0x00007ffda7430000 - 0x00007ffda7566000 	C:\WINDOWS\SYSTEM32\WINHTTP.dll
0x00007ffdaaa20000 - 0x00007ffdaaa89000 	C:\WINDOWS\system32\mswsock.dll
0x00007ffda4eb0000 - 0x00007ffda4ec6000 	C:\Program Files\OpenLogic\jdk-17.0.13.11-hotspot\bin\nio.dll
0x00007ffd9b0c0000 - 0x00007ffd9b0da000 	C:\Program Files\JetBrains\IntelliJ IDEA 2024.3.1.1\bin\breakgen64.dll
0x00007ffdaa080000 - 0x00007ffdaa182000 	C:\WINDOWS\SYSTEM32\DNSAPI.dll
0x00007ffdaa010000 - 0x00007ffdaa03d000 	C:\WINDOWS\SYSTEM32\IPHLPAPI.DLL
0x00007ffdad530000 - 0x00007ffdad539000 	C:\WINDOWS\System32\NSI.dll
0x00007ffda4f00000 - 0x00007ffda4f08000 	C:\Program Files\OpenLogic\jdk-17.0.13.11-hotspot\bin\extnet.dll
0x00007ffda4610000 - 0x00007ffda461a000 	C:\Windows\System32\rasadhlp.dll
0x00007ffda6d60000 - 0x00007ffda6de3000 	C:\WINDOWS\System32\fwpuclnt.dll
0x00007ffda4e80000 - 0x00007ffda4e89000 	C:\Program Files\OpenLogic\jdk-17.0.13.11-hotspot\bin\management.dll
0x00007ffd9b0b0000 - 0x00007ffd9b0bb000 	C:\Program Files\OpenLogic\jdk-17.0.13.11-hotspot\bin\management_ext.dll
0x00007ffdae240000 - 0x00007ffdae248000 	C:\WINDOWS\System32\PSAPI.DLL
0x00007ffdaac70000 - 0x00007ffdaac8b000 	C:\WINDOWS\SYSTEM32\CRYPTSP.dll
0x00007ffdaa500000 - 0x00007ffdaa535000 	C:\WINDOWS\system32\rsaenh.dll
0x00007ffdaab10000 - 0x00007ffdaab38000 	C:\WINDOWS\SYSTEM32\USERENV.dll
0x00007ffdaac90000 - 0x00007ffdaac9c000 	C:\WINDOWS\SYSTEM32\CRYPTBASE.dll
0x00007ffda7270000 - 0x00007ffda7289000 	C:\WINDOWS\SYSTEM32\dhcpcsvc6.DLL
0x00007ffda7250000 - 0x00007ffda726f000 	C:\WINDOWS\SYSTEM32\dhcpcsvc.DLL
0x00007ffd8fbd0000 - 0x00007ffd8fbe7000 	C:\WINDOWS\system32\napinsp.dll
0x00007ffd8fbb0000 - 0x00007ffd8fbcb000 	C:\WINDOWS\system32\pnrpnsp.dll
0x00007ffd8f8e0000 - 0x00007ffd8f8f1000 	C:\WINDOWS\System32\winrnr.dll
0x00007ffd8eab0000 - 0x00007ffd8eac5000 	C:\WINDOWS\system32\wshbth.dll
0x00007ffd8ea80000 - 0x00007ffd8eaa7000 	C:\WINDOWS\system32\nlansp_c.dll
0x00007ffd978b0000 - 0x00007ffd97900000 	C:\WINDOWS\SYSTEM32\pdh.dll
0x00007ffd97600000 - 0x00007ffd9766b000 	C:\WINDOWS\system32\mscoree.dll
0x00007ffd973d0000 - 0x00007ffd9746b000 	C:\Windows\Microsoft.NET\Framework64\v4.0.30319\mscoreei.dll
0x00007ffd9af80000 - 0x00007ffd9afa5000 	C:\Windows\Microsoft.NET\Framework64\v4.0.30319\CorperfmonExt.dll
0x00007ffd961d0000 - 0x00007ffd9629d000 	C:\WINDOWS\SYSTEM32\ucrtbase_clr0400.dll
0x00007ffd962a0000 - 0x00007ffd962ac000 	C:\WINDOWS\SYSTEM32\VCRUNTIME140_1_CLR0400.dll
0x00007ffdaa350000 - 0x00007ffdaa364000 	C:\WINDOWS\SYSTEM32\WTSAPI32.dll
0x00007ffd961b0000 - 0x00007ffd961cb000 	C:\WINDOWS\SYSTEM32\VCRUNTIME140_CLR0400.dll
0x00007ffd9af50000 - 0x00007ffd9af71000 	C:\WINDOWS\system32\msscntrs.dll
0x00007ffd98550000 - 0x00007ffd985b7000 	C:\WINDOWS\SYSTEM32\perf-MSSQLSERVER-sqlctr16.0.1000.6.dll
0x00007ffd89b90000 - 0x00007ffd89ba8000 	C:\Program Files\Microsoft SQL Server\160\Shared\instapi160.dll
0x00007ffd9aac0000 - 0x00007ffd9aae3000 	C:\WINDOWS\SYSTEM32\perf-MSSQL16.MSSQLSERVER-sqlagtctr.dll
0x00007ffd8cea0000 - 0x00007ffd8ceb1000 	C:\WINDOWS\System32\perfproc.dll
0x00007ffd8f900000 - 0x00007ffd8f910000 	C:\WINDOWS\System32\perfos.dll
0x00007ffda8b60000 - 0x00007ffda8b70000 	C:\WINDOWS\SYSTEM32\pfclient.dll
0x00007ffd9b0a0000 - 0x00007ffd9b0ae000 	C:\Program Files\OpenLogic\jdk-17.0.13.11-hotspot\bin\sunmscapi.dll
0x00007ffdabc10000 - 0x00007ffdabd76000 	C:\WINDOWS\System32\CRYPT32.dll
0x00007ffdaae30000 - 0x00007ffdaae5d000 	C:\WINDOWS\SYSTEM32\ncrypt.dll
0x00007ffdaadf0000 - 0x00007ffdaae27000 	C:\WINDOWS\SYSTEM32\NTASN1.dll
0x00007ffd9ae30000 - 0x00007ffd9ae40000 	C:\Program Files\OpenLogic\jdk-17.0.13.11-hotspot\bin\verify.dll
0x00007ffd75790000 - 0x00007ffd75798000 	C:\WINDOWS\system32\wshunix.dll

dbghelp: loaded successfully - version: 4.0.5 - missing functions: none
symbol engine: initialized successfully - sym options: 0x614 - pdb path: .;C:\Program Files\OpenLogic\jdk-17.0.13.11-hotspot\bin;C:\WINDOWS\SYSTEM32;C:\WINDOWS\WinSxS\amd64_microsoft.windows.common-controls_6595b64144ccf1df_6.0.22621.4541_none_2710d1c57384c085;C:\Program Files\OpenLogic\jdk-17.0.13.11-hotspot\bin\server;C:\Program Files\JetBrains\IntelliJ IDEA 2024.3.1.1\bin;C:\Windows\Microsoft.NET\Framework64\v4.0.30319;C:\Program Files\Microsoft SQL Server\160\Shared

VM Arguments:
jvm_args: -XX:TieredStopAtLevel=1 -Dspring.output.ansi.enabled=always -Dcom.sun.management.jmxremote -Dspring.jmx.enabled=true -Dspring.liveBeansView.mbeanDomain -Dspring.application.admin.enabled=true -Dmanagement.endpoints.jmx.exposure.include=* -javaagent:C:\Program Files\JetBrains\IntelliJ IDEA 2024.3.1.1\lib\idea_rt.jar=52514:C:\Program Files\JetBrains\IntelliJ IDEA 2024.3.1.1\bin -Dfile.encoding=UTF-8 
java_command: covoiturage.project.InnoCov.InnoCovApplication
java_class_path (initial): C:\Users\mongi\OneDrive\Bureau\Spring\InnoCov\target\classes;C:\Users\mongi\.m2\repository\org\springframework\boot\spring-boot-starter-data-jpa\3.4.0\spring-boot-starter-data-jpa-3.4.0.jar;C:\Users\mongi\.m2\repository\org\springframework\boot\spring-boot-starter\3.4.0\spring-boot-starter-3.4.0.jar;C:\Users\mongi\.m2\repository\org\springframework\boot\spring-boot\3.4.0\spring-boot-3.4.0.jar;C:\Users\mongi\.m2\repository\org\springframework\boot\spring-boot-autoconfigure\3.4.0\spring-boot-autoconfigure-3.4.0.jar;C:\Users\mongi\.m2\repository\org\springframework\boot\spring-boot-starter-logging\3.4.0\spring-boot-starter-logging-3.4.0.jar;C:\Users\mongi\.m2\repository\ch\qos\logback\logback-classic\1.5.12\logback-classic-1.5.12.jar;C:\Users\mongi\.m2\repository\ch\qos\logback\logback-core\1.5.12\logback-core-1.5.12.jar;C:\Users\mongi\.m2\repository\org\apache\logging\log4j\log4j-to-slf4j\2.24.1\log4j-to-slf4j-2.24.1.jar;C:\Users\mongi\.m2\repository\org\apache\logging\log4j\log4j-api\2.24.1\log4j-api-2.24.1.jar;C:\Users\mongi\.m2\repository\org\slf4j\jul-to-slf4j\2.0.16\jul-to-slf4j-2.0.16.jar;C:\Users\mongi\.m2\repository\jakarta\annotation\jakarta.annotation-api\2.1.1\jakarta.annotation-api-2.1.1.jar;C:\Users\mongi\.m2\repository\org\yaml\snakeyaml\2.3\snakeyaml-2.3.jar;C:\Users\mongi\.m2\repository\org\springframework\boot\spring-boot-starter-jdbc\3.4.0\spring-boot-starter-jdbc-3.4.0.jar;C:\Users\mongi\.m2\repository\com\zaxxer\HikariCP\5.1.0\HikariCP-5.1.0.jar;C:\Users\mongi\.m2\repository\org\springframework\spring-jdbc\6.2.0\spring-jdbc-6.2.0.jar;C:\Users\mongi\.m2\repository\org\hibernate\orm\hibernate-core\6.6.2.Final\hibernate-core-6.6.2.Final.jar;C:\Users\mongi\.m2\repository\jakarta\persistence\jakarta.persistence-api\3.1.0\jakarta.persistence-api-3.1.0.jar;C:\Users\mongi\.m2\repository\jakarta\transaction\jakarta.transaction-api\2.0.1\jakarta.transaction-api-2.0.1.jar;C:\Users\mongi\.m2\repository\org\jboss\logging\jboss-loggi
Launcher Type: SUN_STANDARD

[Global flags]
     intx CICompilerCount                          = 4                                         {product} {ergonomic}
     uint ConcGCThreads                            = 2                                         {product} {ergonomic}
     uint G1ConcRefinementThreads                  = 8                                         {product} {ergonomic}
   size_t G1HeapRegionSize                         = 2097152                                   {product} {ergonomic}
    uintx GCDrainStackTargetSize                   = 64                                        {product} {ergonomic}
   size_t InitialHeapSize                          = 260046848                                 {product} {ergonomic}
     bool ManagementServer                         = true                                      {product} {command line}
   size_t MarkStackSize                            = 4194304                                   {product} {ergonomic}
   size_t MaxHeapSize                              = 4143972352                                {product} {ergonomic}
   size_t MaxNewSize                               = 2485125120                                {product} {ergonomic}
   size_t MinHeapDeltaBytes                        = 2097152                                   {product} {ergonomic}
   size_t MinHeapSize                              = 8388608                                   {product} {ergonomic}
    uintx NonProfiledCodeHeapSize                  = 0                                      {pd product} {ergonomic}
     bool ProfileInterpreter                       = false                                  {pd product} {command line}
    uintx ProfiledCodeHeapSize                     = 0                                      {pd product} {ergonomic}
   size_t SoftMaxHeapSize                          = 4143972352                             {manageable} {ergonomic}
     intx TieredStopAtLevel                        = 1                                         {product} {command line}
     bool UseCompressedClassPointers               = true                           {product lp64_product} {ergonomic}
     bool UseCompressedOops                        = true                           {product lp64_product} {ergonomic}
     bool UseG1GC                                  = true                                      {product} {ergonomic}
     bool UseLargePagesIndividualAllocation        = false                                  {pd product} {ergonomic}

Logging:
Log output configuration:
 #0: stdout all=warning uptime,level,tags
 #1: stderr all=off uptime,level,tags

Environment Variables:
JAVA_HOME=C:\Program Files\OpenLogic\jdk-17.0.13.11-hotspot
PATH=C:\Program Files\OpenLogic\jdk-17.0.13.11-hotspot\bin;C:\Windows\system32;C:\Windows;C:\Windows\System32\Wbem;C:\Windows\System32\WindowsPowerShell\v1.0\;C:\Windows\System32\OpenSSH\;C:\Program Files (x86)\NVIDIA Corporation\PhysX\Common;C:\Program Files\NVIDIA Corporation\NVIDIA NvDLISR;C:\WINDOWS\system32;C:\WINDOWS;C:\WINDOWS\System32\Wbem;C:\WINDOWS\System32\WindowsPowerShell\v1.0\;C:\WINDOWS\System32\OpenSSH\;C:\Program Files\Git\cmd;C:\wamp64\bin\php\php8.1.3;C:\composer;C:\Program Files\dotnet\;C:\Program Files (x86)\GtkSharp\2.12\bin;C:\Program Files\MongoDB\mongosh-2.0.2-win32-x64\bin;C:\flutter\bin;C:\Users\mongi\AppData\Roaming\nvm;C:\Program Files\nodejs;C:\Users\mongi\AppData\Local\Pub\Cache\bin;C:\Program Files (x86)\Microsoft SQL Server\160\Tools\Binn\;C:\Program Files\Microsoft SQL Server\160\Tools\Binn\;C:\Program Files\Microsoft SQL Server\Client SDK\ODBC\170\Tools\Binn\;C:\Program Files\Microsoft SQL Server\160\DTS\Binn\;C:\Program Files (x86)\Microsoft SQL Server\160\DTS\Binn\;C:\apache-maven\bin;C:\Program Files\nodejs\;C:\Users\mongi\AppData\Roaming\npm;C:\Windows\System32;C:\Users\mongi\AppData\Local\Programs\Microsoft VS Code\bin;C:\Users\mongi\AppData\Roaming\npm;C:\Program Files\JetBrains\IntelliJ IDEA 2024.3.1.1\bin;;C:\Program Files\JetBrains\WebStorm 2024.3.1.1\bin;
USERNAME=Dhia
OS=Windows_NT
PROCESSOR_IDENTIFIER=AMD64 Family 23 Model 24 Stepping 1, AuthenticAMD
TMP=C:\Users\mongi\AppData\Local\Temp
TEMP=C:\Users\mongi\AppData\Local\Temp



Periodic native trim disabled


---------------  S Y S T E M  ---------------

OS:
 Windows 11 , 64 bit Build 22621 (10.0.22621.4391)
OS uptime: 0 days 0:36 hours

CPU: total 8 (initial active 8) (8 cores per cpu, 2 threads per core) family 23 model 24 stepping 1 microcode 0x0, cx8, cmov, fxsr, ht, mmx, 3dnowpref, sse, sse2, sse3, ssse3, sse4a, sse4.1, sse4.2, popcnt, lzcnt, tsc, tscinvbit, avx, avx2, aes, clmul, bmi1, bmi2, adx, sha, fma, vzeroupper, clflush, clflushopt
Processor Information for all 8 processors :
  Max Mhz: 2300, Current Mhz: 2300, Mhz Limit: 2300

Memory: 4k page, system-wide physical 15807M (3020M free)
TotalPageFile size 17855M (AvailPageFile size 5M)
current process WorkingSet (physical memory assigned to process): 318M, peak: 320M
current process commit charge ("private bytes"): 393M, peak: 421M

vm_info: OpenJDK 64-Bit Server VM (17.0.13+11-adhoc..jdk17u) for windows-amd64 JRE (17.0.13+11-adhoc..jdk17u), built on Oct 18 2024 01:05:13 by "" with MS VC++ 16.10 / 16.11 (VS2019)

END.
